[debug] [2024-09-30T03:57:42.961Z] ----------------------------------------------------------------------
[debug] [2024-09-30T03:57:42.964Z] Command:       C:\Program Files\nodejs\node.exe C:\Users\mohit\AppData\Roaming\npm\node_modules\firebase-tools\lib\bin\firebase.js init
[debug] [2024-09-30T03:57:42.964Z] CLI Version:   13.20.1
[debug] [2024-09-30T03:57:42.965Z] Platform:      win32
[debug] [2024-09-30T03:57:42.965Z] Node Version:  v20.15.1
[debug] [2024-09-30T03:57:42.965Z] Time:          Mon Sep 30 2024 09:27:42 GMT+0530 (India Standard Time)
[debug] [2024-09-30T03:57:42.965Z] ----------------------------------------------------------------------
[debug] 
[debug] [2024-09-30T03:57:42.969Z] >>> [apiv2][query] GET https://firebase-public.firebaseio.com/cli.json [none]
[debug] [2024-09-30T03:57:43.010Z] > command requires scopes: ["email","openid","https://www.googleapis.com/auth/cloudplatformprojects.readonly","https://www.googleapis.com/auth/firebase","https://www.googleapis.com/auth/cloud-platform"]
[debug] [2024-09-30T03:57:43.010Z] > authorizing via signed-in user (akashbish9e@gmail.com)
[info] 
     ######## #### ########  ######## ########     ###     ######  ########
     ##        ##  ##     ## ##       ##     ##  ##   ##  ##       ##
     ######    ##  ########  ######   ########  #########  ######  ######
     ##        ##  ##    ##  ##       ##     ## ##     ##       ## ##
     ##       #### ##     ## ######## ########  ##     ##  ######  ########

You're about to initialize a Firebase project in this directory:

  C:\Users\mohit\OneDrive\Desktop\yoomi

[debug] [2024-09-30T03:57:43.743Z] <<< [apiv2][status] GET https://firebase-public.firebaseio.com/cli.json 200
[debug] [2024-09-30T03:57:43.743Z] <<< [apiv2][body] GET https://firebase-public.firebaseio.com/cli.json {"cloudBuildErrorAfter":1594252800000,"cloudBuildWarnAfter":1590019200000,"defaultNode10After":1594252800000,"minVersion":"3.0.5","node8DeploysDisabledAfter":1613390400000,"node8RuntimeDisabledAfter":1615809600000,"node8WarnAfter":1600128000000}
[info] 
=== Project Setup
[info] 
[info] First, let's associate this project directory with a Firebase project.
[info] You can create multiple project aliases by running firebase use --add, 
[info] but for now we'll just set up a default project.
[info] 
[debug] [2024-09-30T03:57:55.132Z] Checked if tokens are valid: false, expires at: 1727251498846
[debug] [2024-09-30T03:57:55.133Z] Checked if tokens are valid: false, expires at: 1727251498846
[debug] [2024-09-30T03:57:55.133Z] > refreshing access token with scopes: []
[debug] [2024-09-30T03:57:55.134Z] >>> [apiv2][query] POST https://www.googleapis.com/oauth2/v3/token [none]
[debug] [2024-09-30T03:57:55.134Z] >>> [apiv2][body] POST https://www.googleapis.com/oauth2/v3/token [omitted]
[debug] [2024-09-30T03:57:55.669Z] <<< [apiv2][status] POST https://www.googleapis.com/oauth2/v3/token 200
[debug] [2024-09-30T03:57:55.669Z] <<< [apiv2][body] POST https://www.googleapis.com/oauth2/v3/token [omitted]
[debug] [2024-09-30T03:57:55.681Z] >>> [apiv2][query] GET https://firebase.googleapis.com/v1beta1/projects pageSize=100
[debug] [2024-09-30T03:57:57.211Z] <<< [apiv2][status] GET https://firebase.googleapis.com/v1beta1/projects 200
[debug] [2024-09-30T03:57:57.211Z] <<< [apiv2][body] GET https://firebase.googleapis.com/v1beta1/projects [omitted]
